<?xml version="1.0" encoding="UTF-8"?>
<testsuite xmlns:xsi="http://www.w3.org/2001/XMLSchema-instance" xsi:noNamespaceSchemaLocation="https://maven.apache.org/surefire/maven-surefire-plugin/xsd/surefire-test-report-3.0.xsd" version="3.0" name="textanalyzer.Test1" time="0.088" tests="30" errors="0" skipped="0" failures="0">
  <properties>
[...]
</properties>
  <testcase name="testValidation2" classname="textanalyzer.Test1" time="0.033">
    <system-out><![CDATA[Text Analyzer App
+---------------------+-----+
| Number of words:    | 295 |
+---------------------+-----+
| Number of sentences:|  34 |
+---------------------+-----+

+---------------------+-----+
| Phrases             |Count|
+---------------------+-----+
| nec                  |  10 |
| id                   |  7 |
| sit                  |  6 |
| ac                   |  5 |
| Sed                  |  5 |
+---------------------+-----+
Text analysis completed successfully.
App is closed.
]]></system-out>
  </testcase>
  <testcase name="testValidation3" classname="textanalyzer.Test1" time="0.004">
    <system-out><![CDATA[Text Analyzer App
+---------------------+-----+
| Number of words:    | 295 |
+---------------------+-----+
| Number of sentences:|  34 |
+---------------------+-----+

+---------------------+-----+
| Phrases             |Count|
+---------------------+-----+
| viverra sapien quis leo |  1 |
| consectetur purus dapibus et. |  1 |
| vel scelerisque mauris mauris |  1 |
| mi ut tempus egestas, |  1 |
| interdum. Vivamus vitae nibh |  1 |
+---------------------+-----+
Text analysis completed successfully.
App is closed.
]]></system-out>
  </testcase>
  <testcase name="testNegativeValidation10" classname="textanalyzer.Test1" time="0.001">
    <system-out><![CDATA[Text Analyzer App
Invalid arguments provided.
]]></system-out>
  </testcase>
  <testcase name="testNegativeValidation11" classname="textanalyzer.Test1" time="0.001">
    <system-out><![CDATA[Text Analyzer App
Exception occurred: java.lang.NumberFormatException: For input string: "A"
]]></system-out>
  </testcase>
  <testcase name="testNegativeValidation12" classname="textanalyzer.Test1" time="0.0">
    <system-out><![CDATA[Text Analyzer App
Exception occurred: java.lang.NumberFormatException: For input string: "A"
]]></system-out>
  </testcase>
  <testcase name="testNegativeValidation13" classname="textanalyzer.Test1" time="0.001">
    <system-out><![CDATA[Text Analyzer App
Exception occurred: java.lang.NumberFormatException: For input string: "A"
]]></system-out>
  </testcase>
  <testcase name="testNegativeValidation14" classname="textanalyzer.Test1" time="0.001">
    <system-out><![CDATA[Text Analyzer App
Exception occurred: java.lang.NumberFormatException: For input string: "A"
]]></system-out>
  </testcase>
  <testcase name="testNegativeValidation15" classname="textanalyzer.Test1" time="0.001">
    <system-out><![CDATA[Text Analyzer App
Exception occurred: java.lang.NumberFormatException: For input string: "A"
]]></system-out>
  </testcase>
  <testcase name="testNegativeValidation16" classname="textanalyzer.Test1" time="0.001">
    <system-out><![CDATA[Text Analyzer App
Exception occurred: java.lang.NumberFormatException: For input string: "A"
]]></system-out>
  </testcase>
  <testcase name="testNegativeValidation17" classname="textanalyzer.Test1" time="0.001">
    <system-out><![CDATA[Text Analyzer App
Exception occurred: java.lang.NumberFormatException: For input string: "-A"
]]></system-out>
  </testcase>
  <testcase name="testCountWords" classname="textanalyzer.Test1" time="0.003"/>
  <testcase name="testNegativeSentences" classname="textanalyzer.Test1" time="0.001"/>
  <testcase name="testValidation" classname="textanalyzer.Test1" time="0.004">
    <system-out><![CDATA[Text Analyzer App
+---------------------+-----+
| Number of words:    | 295 |
+---------------------+-----+
| Number of sentences:|  34 |
+---------------------+-----+

+---------------------+-----+
| Phrases             |Count|
+---------------------+-----+
| sit amet             |  5 |
| mauris id            |  2 |
| Suspendisse potenti. |  2 |
+---------------------+-----+
Text analysis completed successfully.
App is closed.
]]></system-out>
  </testcase>
  <testcase name="testNegativeValidation1" classname="textanalyzer.Test1" time="0.001">
    <system-out><![CDATA[Text Analyzer App
No value provided for '-top'. Please provide a valid integer.
]]></system-out>
  </testcase>
  <testcase name="testNegativeValidation2" classname="textanalyzer.Test1" time="0.001">
    <system-out><![CDATA[Text Analyzer App
Invalid arguments provided.
]]></system-out>
  </testcase>
  <testcase name="testNegativeValidation3" classname="textanalyzer.Test1" time="0.001">
    <system-out><![CDATA[Text Analyzer App
No value provided for '-top'. Please provide a valid integer.
]]></system-out>
  </testcase>
  <testcase name="testNegativeValidation4" classname="textanalyzer.Test1" time="0.001">
    <system-out><![CDATA[Text Analyzer App
No value provided for '-phraseSize'. Please provide a valid integer.
]]></system-out>
  </testcase>
  <testcase name="testNegativeValidation5" classname="textanalyzer.Test1" time="0.001">
    <system-out><![CDATA[Text Analyzer App
Invalid arguments provided.
]]></system-out>
  </testcase>
  <testcase name="testNegativeValidation6" classname="textanalyzer.Test1" time="0.001">
    <system-out><![CDATA[Text Analyzer App
Invalid arguments provided.
]]></system-out>
  </testcase>
  <testcase name="testNegativeValidation7" classname="textanalyzer.Test1" time="0.001">
    <system-out><![CDATA[Text Analyzer App
No value provided for '-phraseSize'. Please provide a valid integer.
]]></system-out>
  </testcase>
  <testcase name="testNegativeValidation8" classname="textanalyzer.Test1" time="0.0">
    <system-out><![CDATA[Text Analyzer App
No value provided for '-top'. Please provide a valid integer.
]]></system-out>
  </testcase>
  <testcase name="testNegativeValidation9" classname="textanalyzer.Test1" time="0.0">
    <system-out><![CDATA[Text Analyzer App
Invalid arguments provided.
]]></system-out>
  </testcase>
  <testcase name="testCountWords2" classname="textanalyzer.Test1" time="0.0"/>
  <testcase name="testCountWords3" classname="textanalyzer.Test1" time="0.001"/>
  <testcase name="testCountWords4" classname="textanalyzer.Test1" time="0.001"/>
  <testcase name="testNegativeCountWords" classname="textanalyzer.Test1" time="0.001"/>
  <testcase name="testCountSentences1" classname="textanalyzer.Test1" time="0.0"/>
  <testcase name="testCountSentences2" classname="textanalyzer.Test1" time="0.0"/>
  <testcase name="testCountSentences3" classname="textanalyzer.Test1" time="0.001"/>
  <testcase name="testCountSentences4" classname="textanalyzer.Test1" time="0.0"/>
</testsuite>