<?xml version="1.0" encoding="UTF-8"?>
<testsuite xmlns:xsi="http://www.w3.org/2001/XMLSchema-instance" xsi:noNamespaceSchemaLocation="https://maven.apache.org/surefire/maven-surefire-plugin/xsd/surefire-test-report-3.0.xsd" version="3.0" name="textanalyzer.Test1" time="0.088" tests="30" errors="0" skipped="0" failures="0">
  <properties>
    <property name="java.specification.version" value="22"/>
    <property name="sun.cpu.isalist" value="amd64"/>
    <property name="sun.jnu.encoding" value="Cp1252"/>
    <property name="java.class.path" value="C:\Users\cfadmin\Desktop\MyProject\untitled\target\test-classes;C:\Users\cfadmin\Desktop\MyProject\untitled\target\classes;C:\Users\cfadmin\.m2\repository\org\junit\jupiter\junit-jupiter-engine\5.9.2\junit-jupiter-engine-5.9.2.jar;C:\Users\cfadmin\.m2\repository\org\junit\platform\junit-platform-engine\1.9.2\junit-platform-engine-1.9.2.jar;C:\Users\cfadmin\.m2\repository\org\opentest4j\opentest4j\1.2.0\opentest4j-1.2.0.jar;C:\Users\cfadmin\.m2\repository\org\junit\platform\junit-platform-commons\1.9.2\junit-platform-commons-1.9.2.jar;C:\Users\cfadmin\.m2\repository\org\junit\jupiter\junit-jupiter-api\5.9.2\junit-jupiter-api-5.9.2.jar;C:\Users\cfadmin\.m2\repository\org\apiguardian\apiguardian-api\1.1.2\apiguardian-api-1.1.2.jar;"/>
    <property name="java.vm.vendor" value="Oracle Corporation"/>
    <property name="sun.arch.data.model" value="64"/>
    <property name="user.variant" value=""/>
    <property name="java.vendor.url" value="https://java.oracle.com/"/>
    <property name="user.timezone" value="Europe/Chisinau"/>
    <property name="os.name" value="Windows 10"/>
    <property name="java.vm.specification.version" value="22"/>
    <property name="sun.java.launcher" value="SUN_STANDARD"/>
    <property name="user.country" value="US"/>
    <property name="sun.boot.library.path" value="C:\Program Files\Java\jdk-22.0.1\bin"/>
    <property name="sun.java.command" value="C:\Users\cfadmin\AppData\Local\Temp\surefire16236368995661870736\surefirebooter-20240510210605320_3.jar C:\Users\cfadmin\AppData\Local\Temp\surefire16236368995661870736 2024-05-10T21-06-05_214-jvmRun1 surefire-20240510210605320_1tmp surefire_0-20240510210605320_2tmp"/>
    <property name="jdk.debug" value="release"/>
    <property name="surefire.test.class.path" value="C:\Users\cfadmin\Desktop\MyProject\untitled\target\test-classes;C:\Users\cfadmin\Desktop\MyProject\untitled\target\classes;C:\Users\cfadmin\.m2\repository\org\junit\jupiter\junit-jupiter-engine\5.9.2\junit-jupiter-engine-5.9.2.jar;C:\Users\cfadmin\.m2\repository\org\junit\platform\junit-platform-engine\1.9.2\junit-platform-engine-1.9.2.jar;C:\Users\cfadmin\.m2\repository\org\opentest4j\opentest4j\1.2.0\opentest4j-1.2.0.jar;C:\Users\cfadmin\.m2\repository\org\junit\platform\junit-platform-commons\1.9.2\junit-platform-commons-1.9.2.jar;C:\Users\cfadmin\.m2\repository\org\junit\jupiter\junit-jupiter-api\5.9.2\junit-jupiter-api-5.9.2.jar;C:\Users\cfadmin\.m2\repository\org\apiguardian\apiguardian-api\1.1.2\apiguardian-api-1.1.2.jar;"/>
    <property name="sun.cpu.endian" value="little"/>
    <property name="user.home" value="C:\Users\cfadmin"/>
    <property name="user.language" value="en"/>
    <property name="java.specification.vendor" value="Oracle Corporation"/>
    <property name="java.version.date" value="2024-04-16"/>
    <property name="java.home" value="C:\Program Files\Java\jdk-22.0.1"/>
    <property name="file.separator" value="\"/>
    <property name="basedir" value="C:\Users\cfadmin\Desktop\MyProject\untitled"/>
    <property name="java.vm.compressedOopsMode" value="Zero based"/>
    <property name="line.separator" value="&#10;"/>
    <property name="java.vm.specification.vendor" value="Oracle Corporation"/>
    <property name="java.specification.name" value="Java Platform API Specification"/>
    <property name="surefire.real.class.path" value="C:\Users\cfadmin\AppData\Local\Temp\surefire16236368995661870736\surefirebooter-20240510210605320_3.jar"/>
    <property name="user.script" value=""/>
    <property name="sun.management.compiler" value="HotSpot 64-Bit Tiered Compilers"/>
    <property name="java.runtime.version" value="22.0.1+8-16"/>
    <property name="user.name" value="cfadmin"/>
    <property name="stdout.encoding" value="Cp1252"/>
    <property name="path.separator" value=";"/>
    <property name="os.version" value="10.0"/>
    <property name="java.runtime.name" value="Java(TM) SE Runtime Environment"/>
    <property name="file.encoding" value="UTF-8"/>
    <property name="java.vm.name" value="Java HotSpot(TM) 64-Bit Server VM"/>
    <property name="localRepository" value="C:\Users\cfadmin\.m2\repository"/>
    <property name="java.vendor.url.bug" value="https://bugreport.java.com/bugreport/"/>
    <property name="java.io.tmpdir" value="C:\Users\cfadmin\AppData\Local\Temp\"/>
    <property name="java.version" value="22.0.1"/>
    <property name="user.dir" value="C:\Users\cfadmin\Desktop\MyProject\untitled"/>
    <property name="os.arch" value="amd64"/>
    <property name="java.vm.specification.name" value="Java Virtual Machine Specification"/>
    <property name="sun.os.patch.level" value=""/>
    <property name="native.encoding" value="Cp1252"/>
    <property name="java.library.path" value="C:\Program Files\Java\jdk-22.0.1\bin;C:\Windows\Sun\Java\bin;C:\Windows\system32;C:\Windows;C:\Program Files\Python310\Scripts\;C:\Program Files\Python310\;C:\Windows\system32;C:\Windows;C:\Windows\System32\Wbem;C:\Windows\System32\WindowsPowerShell\v1.0\;C:\Windows\System32\OpenSSH\;C:\Program Files\nodejs\;C:\Users\cfadmin\Desktop\apache-jmeter-5.5\bin;C:\Program Files\Git\cmd;C:\xampp\php;C:\xampp\vendor\bin;C:\Program Files\Docker\Docker\resources\bin;C:\Program Files\MySQL\MySQL Server 5.5\bin;C:\apache-maven-3.9.6\bin;C:\Program Files (x86)\NVIDIA Corporation\PhysX\Common;C:\Program Files\NVIDIA Corporation\NVIDIA NvDLISR;C:\Program Files (x86)\Microsoft SQL Server\160\Tools\Binn\;C:\Program Files\Microsoft SQL Server\160\Tools\Binn\;C:\Program Files\Microsoft SQL Server\Client SDK\ODBC\170\Tools\Binn\;C:\Program Files\Microsoft SQL Server\160\DTS\Binn\;C:\Program Files\PuTTY\;C:\Program Files\Java\jdk-22.0.1\bin;C:\Program Files\Java\jdk-22.0.1\bin;C:\Program Files (x86)\Common Files\Oracle\Java\javapath;C:\Users\cfadmin\AppData\Local\Microsoft\WindowsApps;C:\Users\cfadmin\AppData\Local\Programs\Microsoft VS Code\bin;C:\Users\cfadmin\AppData\Roaming\npm;C:\Users\cfadmin\Desktop\apache-jmeter-5.5\bin;C:\xampp\php\vendor\bin;C:\xampp\php;C:\Program Files\JetBrains\IntelliJ IDEA Community Edition 2022.3.2\bin;C:\project;;;."/>
    <property name="java.vm.info" value="mixed mode, sharing"/>
    <property name="stderr.encoding" value="Cp1252"/>
    <property name="java.vendor" value="Oracle Corporation"/>
    <property name="java.vm.version" value="22.0.1+8-16"/>
    <property name="sun.io.unicode.encoding" value="UnicodeLittle"/>
    <property name="java.class.version" value="66.0"/>
  </properties>
  <testcase name="testValidation2" classname="textanalyzer.Test1" time="0.033">
    <system-out><![CDATA[Text Analyzer App
+---------------------+-----+
| Number of words:    | 295 |
+---------------------+-----+
| Number of sentences:|  34 |
+---------------------+-----+

+---------------------+-----+
| Phrases             |Count|
+---------------------+-----+
| nec                  |  10 |
| id                   |  7 |
| sit                  |  6 |
| ac                   |  5 |
| Sed                  |  5 |
+---------------------+-----+
Text analysis completed successfully.
App is closed.
]]></system-out>
  </testcase>
  <testcase name="testValidation3" classname="textanalyzer.Test1" time="0.004">
    <system-out><![CDATA[Text Analyzer App
+---------------------+-----+
| Number of words:    | 295 |
+---------------------+-----+
| Number of sentences:|  34 |
+---------------------+-----+

+---------------------+-----+
| Phrases             |Count|
+---------------------+-----+
| viverra sapien quis leo |  1 |
| consectetur purus dapibus et. |  1 |
| vel scelerisque mauris mauris |  1 |
| mi ut tempus egestas, |  1 |
| interdum. Vivamus vitae nibh |  1 |
+---------------------+-----+
Text analysis completed successfully.
App is closed.
]]></system-out>
  </testcase>
  <testcase name="testNegativeValidation10" classname="textanalyzer.Test1" time="0.001">
    <system-out><![CDATA[Text Analyzer App
Invalid arguments provided.
]]></system-out>
  </testcase>
  <testcase name="testNegativeValidation11" classname="textanalyzer.Test1" time="0.001">
    <system-out><![CDATA[Text Analyzer App
Exception occurred: java.lang.NumberFormatException: For input string: "A"
]]></system-out>
  </testcase>
  <testcase name="testNegativeValidation12" classname="textanalyzer.Test1" time="0.0">
    <system-out><![CDATA[Text Analyzer App
Exception occurred: java.lang.NumberFormatException: For input string: "A"
]]></system-out>
  </testcase>
  <testcase name="testNegativeValidation13" classname="textanalyzer.Test1" time="0.001">
    <system-out><![CDATA[Text Analyzer App
Exception occurred: java.lang.NumberFormatException: For input string: "A"
]]></system-out>
  </testcase>
  <testcase name="testNegativeValidation14" classname="textanalyzer.Test1" time="0.001">
    <system-out><![CDATA[Text Analyzer App
Exception occurred: java.lang.NumberFormatException: For input string: "A"
]]></system-out>
  </testcase>
  <testcase name="testNegativeValidation15" classname="textanalyzer.Test1" time="0.001">
    <system-out><![CDATA[Text Analyzer App
Exception occurred: java.lang.NumberFormatException: For input string: "A"
]]></system-out>
  </testcase>
  <testcase name="testNegativeValidation16" classname="textanalyzer.Test1" time="0.001">
    <system-out><![CDATA[Text Analyzer App
Exception occurred: java.lang.NumberFormatException: For input string: "A"
]]></system-out>
  </testcase>
  <testcase name="testNegativeValidation17" classname="textanalyzer.Test1" time="0.001">
    <system-out><![CDATA[Text Analyzer App
Exception occurred: java.lang.NumberFormatException: For input string: "-A"
]]></system-out>
  </testcase>
  <testcase name="testCountWords" classname="textanalyzer.Test1" time="0.003"/>
  <testcase name="testNegativeSentences" classname="textanalyzer.Test1" time="0.001"/>
  <testcase name="testValidation" classname="textanalyzer.Test1" time="0.004">
    <system-out><![CDATA[Text Analyzer App
+---------------------+-----+
| Number of words:    | 295 |
+---------------------+-----+
| Number of sentences:|  34 |
+---------------------+-----+

+---------------------+-----+
| Phrases             |Count|
+---------------------+-----+
| sit amet             |  5 |
| mauris id            |  2 |
| Suspendisse potenti. |  2 |
+---------------------+-----+
Text analysis completed successfully.
App is closed.
]]></system-out>
  </testcase>
  <testcase name="testNegativeValidation1" classname="textanalyzer.Test1" time="0.001">
    <system-out><![CDATA[Text Analyzer App
No value provided for '-top'. Please provide a valid integer.
]]></system-out>
  </testcase>
  <testcase name="testNegativeValidation2" classname="textanalyzer.Test1" time="0.001">
    <system-out><![CDATA[Text Analyzer App
Invalid arguments provided.
]]></system-out>
  </testcase>
  <testcase name="testNegativeValidation3" classname="textanalyzer.Test1" time="0.001">
    <system-out><![CDATA[Text Analyzer App
No value provided for '-top'. Please provide a valid integer.
]]></system-out>
  </testcase>
  <testcase name="testNegativeValidation4" classname="textanalyzer.Test1" time="0.001">
    <system-out><![CDATA[Text Analyzer App
No value provided for '-phraseSize'. Please provide a valid integer.
]]></system-out>
  </testcase>
  <testcase name="testNegativeValidation5" classname="textanalyzer.Test1" time="0.001">
    <system-out><![CDATA[Text Analyzer App
Invalid arguments provided.
]]></system-out>
  </testcase>
  <testcase name="testNegativeValidation6" classname="textanalyzer.Test1" time="0.001">
    <system-out><![CDATA[Text Analyzer App
Invalid arguments provided.
]]></system-out>
  </testcase>
  <testcase name="testNegativeValidation7" classname="textanalyzer.Test1" time="0.001">
    <system-out><![CDATA[Text Analyzer App
No value provided for '-phraseSize'. Please provide a valid integer.
]]></system-out>
  </testcase>
  <testcase name="testNegativeValidation8" classname="textanalyzer.Test1" time="0.0">
    <system-out><![CDATA[Text Analyzer App
No value provided for '-top'. Please provide a valid integer.
]]></system-out>
  </testcase>
  <testcase name="testNegativeValidation9" classname="textanalyzer.Test1" time="0.0">
    <system-out><![CDATA[Text Analyzer App
Invalid arguments provided.
]]></system-out>
  </testcase>
  <testcase name="testCountWords2" classname="textanalyzer.Test1" time="0.0"/>
  <testcase name="testCountWords3" classname="textanalyzer.Test1" time="0.001"/>
  <testcase name="testCountWords4" classname="textanalyzer.Test1" time="0.001"/>
  <testcase name="testNegativeCountWords" classname="textanalyzer.Test1" time="0.001"/>
  <testcase name="testCountSentences1" classname="textanalyzer.Test1" time="0.0"/>
  <testcase name="testCountSentences2" classname="textanalyzer.Test1" time="0.0"/>
  <testcase name="testCountSentences3" classname="textanalyzer.Test1" time="0.001"/>
  <testcase name="testCountSentences4" classname="textanalyzer.Test1" time="0.0"/>
</testsuite>